<?xml version="1.0" encoding="UTF-8"?>
<testng-results ignored="0" total="3" passed="3" failed="0" skipped="0">
  <reporter-output>
  </reporter-output>
  <suite started-at="2026-04-26T13:42:51 IST" name="Flight Booking Suite" finished-at="2026-04-26T13:43:41 IST" duration-ms="49816">
    <groups>
    </groups>
    <test started-at="2026-04-26T13:42:51 IST" name="Flight Booking Tests" finished-at="2026-04-26T13:43:41 IST" duration-ms="49816">
      <class name="com.testingmint.tests.SearchTests">
        <test-method is-config="true" signature="setUp()[pri:0, instance:com.testingmint.tests.SearchTests@2cf3d63b]" started-at="2026-04-26T13:43:18 IST" name="setUp" finished-at="2026-04-26T13:43:23 IST" duration-ms="4275" status="PASS">
          <reporter-output>
          </reporter-output>
        </test-method> <!-- setUp -->
        <test-method signature="testSearchFlightsOneWay()[pri:0, instance:com.testingmint.tests.SearchTests@2cf3d63b]" started-at="2026-04-26T13:43:23 IST" name="testSearchFlightsOneWay" finished-at="2026-04-26T13:43:28 IST" duration-ms="5686" status="PASS">
          <reporter-output>
          </reporter-output>
        </test-method> <!-- testSearchFlightsOneWay -->
        <test-method is-config="true" signature="tearDown()[pri:0, instance:com.testingmint.tests.SearchTests@2cf3d63b]" started-at="2026-04-26T13:43:28 IST" name="tearDown" finished-at="2026-04-26T13:43:30 IST" duration-ms="1381" status="PASS">
          <reporter-output>
          </reporter-output>
        </test-method> <!-- tearDown -->
        <test-method is-config="true" signature="setUp()[pri:0, instance:com.testingmint.tests.SearchTests@2cf3d63b]" started-at="2026-04-26T13:43:30 IST" name="setUp" finished-at="2026-04-26T13:43:34 IST" duration-ms="4496" status="PASS">
          <reporter-output>
          </reporter-output>
        </test-method> <!-- setUp -->
        <test-method signature="testSearchWithInvalidRoute()[pri:0, instance:com.testingmint.tests.SearchTests@2cf3d63b]" started-at="2026-04-26T13:43:34 IST" name="testSearchWithInvalidRoute" finished-at="2026-04-26T13:43:39 IST" duration-ms="5274" status="PASS">
          <reporter-output>
          </reporter-output>
        </test-method> <!-- testSearchWithInvalidRoute -->
        <test-method is-config="true" signature="tearDown()[pri:0, instance:com.testingmint.tests.SearchTests@2cf3d63b]" started-at="2026-04-26T13:43:39 IST" name="tearDown" finished-at="2026-04-26T13:43:41 IST" duration-ms="1210" status="PASS">
          <reporter-output>
          </reporter-output>
        </test-method> <!-- tearDown -->
      </class> <!-- com.testingmint.tests.SearchTests -->
      <class name="com.testingmint.tests.BookingTests">
        <test-method is-config="true" signature="setUp()[pri:0, instance:com.testingmint.tests.BookingTests@942a29c]" started-at="2026-04-26T13:42:51 IST" name="setUp" finished-at="2026-04-26T13:42:58 IST" duration-ms="7240" status="PASS">
          <reporter-output>
          </reporter-output>
        </test-method> <!-- setUp -->
        <test-method signature="testE2EFlightBooking()[pri:0, instance:com.testingmint.tests.BookingTests@942a29c]" started-at="2026-04-26T13:42:58 IST" name="testE2EFlightBooking" finished-at="2026-04-26T13:43:17 IST" duration-ms="19252" status="PASS">
          <reporter-output>
          </reporter-output>
        </test-method> <!-- testE2EFlightBooking -->
        <test-method is-config="true" signature="tearDown()[pri:0, instance:com.testingmint.tests.BookingTests@942a29c]" started-at="2026-04-26T13:43:18 IST" name="tearDown" finished-at="2026-04-26T13:43:18 IST" duration-ms="840" status="PASS">
          <reporter-output>
          </reporter-output>
        </test-method> <!-- tearDown -->
      </class> <!-- com.testingmint.tests.BookingTests -->
    </test> <!-- Flight Booking Tests -->
  </suite> <!-- Flight Booking Suite -->
</testng-results>
