<?xml version="1.0" encoding="UTF-8"?>
<!-- Generated by org.testng.reporters.JUnitXMLReporter -->
<testsuite ignored="0" hostname="DESKTOP-LEBQ3UK" failures="0" tests="3" name="Flight Booking Tests" time="49.816" errors="0" timestamp="2026-04-26T13:43:42 IST">
  <testcase classname="com.testingmint.tests.BookingTests" name="testE2EFlightBooking" time="19.252"/>
  <testcase classname="com.testingmint.tests.SearchTests" name="testSearchFlightsOneWay" time="5.686"/>
  <testcase classname="com.testingmint.tests.SearchTests" name="testSearchWithInvalidRoute" time="5.274"/>
</testsuite> <!-- Flight Booking Tests -->
