<?xml version="1.0" encoding="UTF-8"?>
<!-- Generated by org.testng.reporters.JUnitReportReporter -->
<testsuite hostname="DESKTOP-LEBQ3UK" failures="0" tests="2" name="com.testingmint.tests.SearchTests" time="22.322" errors="0" timestamp="2026-04-26T13:43:42 IST" skipped="0">
  <testcase classname="com.testingmint.tests.SearchTests" name="testSearchWithInvalidRoute" time="11.151"/>
  <testcase classname="com.testingmint.tests.SearchTests" name="testSearchFlightsOneWay" time="11.171"/>
</testsuite> <!-- com.testingmint.tests.SearchTests -->
